[2026-06-02T04:05:21.216Z] EMAIL
To: mahi@gmail.com
Subject: Donation Receipt
Donation Receipt
Amount: ₹5
Category: Pooja
Transaction ID: N/A
Thank you for your donation!

[2026-06-02T04:05:21.226Z] SMS
To: 9740265462
Message: Donation received! Amount: ₹5. Transaction ID: N/A. Thank you! -Temple

[2026-06-02T04:14:22.731Z] EMAIL
To: soumya2880@gmail.com
Subject: Pooja Booking Confirmation
Pooja Booking Confirmation
Service: Maha Lakshmi Pooja
Date & Time: 2026-06-03T09:44
Amount: ₹2201
Thank you!

[2026-06-02T04:14:22.735Z] SMS
To: 9945650664
Message: Pooja booking confirmed! Service: Maha Lakshmi Pooja on 2026-06-03T09:44. Amount: ₹2201. -Temple

[2026-06-02T04:19:29.515Z] EMAIL
To: soumya2880@gmail.com
Subject: Pooja Booking Confirmation
Pooja Booking Confirmation
Service: Abhisheka
Date & Time: 2026-06-02T09:59
Amount: ₹2000
Thank you!

[2026-06-02T04:19:29.540Z] SMS
To: 9945650664
Message: Pooja booking confirmed! Service: Abhisheka on 2026-06-02T09:59. Amount: ₹2000. -Temple

[2026-06-02T04:20:54.574Z] EMAIL
To: soumya2880@gmail.com
Subject: Donation Receipt
Donation Receipt
Amount: ₹501
Category: Annadanam
Transaction ID: N/A
Thank you for your donation!

[2026-06-02T04:20:54.575Z] SMS
To: 9945650664
Message: Donation received! Amount: ₹501. Transaction ID: N/A. Thank you! -Temple

[2026-06-03T04:28:22.102Z] EMAIL
To: sonakshi@gmail.com
Subject: Pooja Booking Confirmation
Pooja Booking Confirmation
Service: Maha Lakshmi Pooja
Date & Time: 2026-06-04T22:59
Amount: ₹2201
Thank you!

[2026-06-03T06:56:36.315Z] EMAIL
To: sonakshi@gmail.com
Subject: Donation Receipt
Donation Receipt
Amount: ₹501
Category: Annadanam
Transaction ID: N/A
Thank you for your donation!

[2026-06-03T07:21:22.521Z] EMAIL
To: sonakshi@gmail.com
Subject: Donation Receipt
Donation Receipt
Amount: ₹501
Category: General
Transaction ID: N/A
Thank you for your donation!

[2026-06-03T07:21:33.180Z] EMAIL
To: sonakshi@gmail.com
Subject: Prasadam Order Confirmation
Prasadam Order Confirmed
Item: Laddu Prasadam
Quantity: 1
Amount: ₹151
Thank you!

[2026-06-03T07:21:47.106Z] EMAIL
To: sonakshi@gmail.com
Subject: Donation Receipt
Donation Receipt
Amount: ₹501
Category: Pooja
Transaction ID: N/A
Thank you for your donation!

[2026-06-09T08:47:53.261Z] EMAIL
To: soumya2880@gmail.com
Subject: Pooja Booking Confirmation
Pooja Booking Confirmation
Service: pushpa pooje
Date & Time: 2026-06-09T05:19
Amount: ₹230
Thank you!

[2026-06-09T08:47:53.297Z] SMS
To: 9945650664
Message: Pooja booking confirmed! Service: pushpa pooje on 2026-06-09T05:19. Amount: ₹230. -Temple

[2026-06-09T08:48:03.655Z] EMAIL
To: soumya2880@gmail.com
Subject: Pooja Booking Confirmation
Pooja Booking Confirmation
Service: Abhisheka
Date & Time: 2026-06-08T14:17
Amount: ₹2000
Thank you!

[2026-06-09T08:48:03.678Z] SMS
To: 9945650664
Message: Pooja booking confirmed! Service: Abhisheka on 2026-06-08T14:17. Amount: ₹2000. -Temple

[2026-06-09T08:50:26.484Z] EMAIL
To: soumya2880@gmail.com
Subject: Donation Receipt
Donation Receipt
Amount: ₹3344
Category: Sponsorship
Transaction ID: N/A
Thank you for your donation!

[2026-06-09T08:50:26.512Z] SMS
To: 9945650664
Message: Donation received! Amount: ₹3344. Transaction ID: N/A. Thank you! -Temple

[2026-06-09T08:51:48.300Z] EMAIL
To: soumya2880@gmail.com
Subject: Prasadam Order Confirmation
Prasadam Order Confirmed
Item: Pulihora Prasadam
Quantity: 3
Amount: ₹363
Thank you!

[2026-06-09T08:51:48.302Z] SMS
To: 9945650664
Message: Prasadam order confirmed! Item: Pulihora Prasadam. Qty: 3. Ready soon! -Temple

[2026-06-09T09:54:53.945Z] EMAIL
To: soumya2880@gmail.com
Subject: Donation Receipt
Donation Receipt
Amount: ₹501
Category: Annadanam
Transaction ID: N/A
Thank you for your donation!

[2026-06-09T09:54:53.951Z] SMS
To: 9945650664
Message: Donation received! Amount: ₹501. Transaction ID: N/A. Thank you! -Temple

[2026-06-09T10:02:19.331Z] EMAIL
To: localtest@example.com
Subject: Donation Receipt
Donation Receipt
Amount: ₹100
Category: General
Transaction ID: SIM_TXN_1780999338919
Thank you for your donation!

[2026-06-09T10:07:16.426Z] EMAIL
To: soumya2880@gmail.com
Subject: Donation Receipt
Donation Receipt
Amount: ₹501
Category: Annadanam
Transaction ID: SIM_TXN_1780999636048
Thank you for your donation!

[2026-06-09T10:07:16.481Z] SMS
To: 9945650664
Message: Donation received! Amount: ₹501. Transaction ID: SIM_TXN_1780999636048. Thank you! -Temple

[2026-06-09T10:07:37.305Z] EMAIL
To: soumya2880@gmail.com
Subject: Donation Receipt
Donation Receipt
Amount: ₹57654
Category: General
Transaction ID: SIM_TXN_1780999657159
Thank you for your donation!

[2026-06-09T10:07:37.307Z] SMS
To: 9945650664
Message: Donation received! Amount: ₹57654. Transaction ID: SIM_TXN_1780999657159. Thank you! -Temple

[2026-06-09T10:07:56.114Z] EMAIL
To: soumya2880@gmail.com
Subject: Donation Receipt
Donation Receipt
Amount: ₹55
Category: General
Transaction ID: SIM_TXN_1780999675999
Thank you for your donation!

[2026-06-09T10:07:56.117Z] SMS
To: 9945650664
Message: Donation received! Amount: ₹55. Transaction ID: SIM_TXN_1780999675999. Thank you! -Temple

[2026-06-10T14:21:21.616Z] EMAIL
To: mayur@gmail.com
Subject: Donation Receipt
Donation Receipt
Amount: ₹2000
Category: Festival Donation
Transaction ID: SIM_TXN_1781101281119
Thank you for your donation!

[2026-06-10T14:30:34.553Z] EMAIL
To: mayur@gmail.com
Subject: Prasadam Order Confirmation
Prasadam Order Confirmed
Item: Laddu Prasadam
Quantity: 1
Amount: ₹151
Thank you!

[2026-06-10T14:30:35.141Z] EMAIL
To: mayur@gmail.com
Subject: Prasadam Order Confirmation
Prasadam Order Confirmed
Item: Laddu Prasadam
Quantity: 1
Amount: ₹151
Thank you!

[2026-06-10T14:45:40.572Z] EMAIL
To: dskulal04@gmail.com
Subject: Prasadam Order Confirmation
Prasadam Order Confirmed
Item: Panchamrit Prasadam
Quantity: 1
Amount: ₹101
Thank you!

[2026-06-12T03:38:21.044Z] EMAIL
To: prathap@gmail.com
Subject: Donation Receipt
Donation Receipt
Amount: ₹527
Category: Annadanam
Transaction ID: SIM_TXN_1781235500847
Thank you for your donation!

[2026-06-12T03:39:16.549Z] EMAIL
To: prathap@gmail.com
Subject: Pooja Booking Confirmation
Pooja Booking Confirmation
Service: Special Homa
Date & Time: 2026-06-12T23:11
Amount: ₹1501
Thank you!

[2026-06-12T03:40:57.632Z] EMAIL
To: prathap@gmail.com
Subject: Donation Receipt
Donation Receipt
Amount: ₹5086
Category: Pooja
Transaction ID: SIM_TXN_1781235657563
Thank you for your donation!

[2026-06-12T03:42:08.532Z] EMAIL
To: prathap@gmail.com
Subject: Prasadam Order Confirmation
Prasadam Order Confirmed
Item: Sweet Pongal Prasadam
Quantity: 2
Amount: ₹262
Thank you!

[2026-06-12T03:47:19.293Z] EMAIL
To: prathap@gmail.com
Subject: Prasadam Order Confirmation
Prasadam Order Confirmed
Item: Curd Rice Prasadam
Quantity: 2
Amount: ₹222
Thank you!

[2026-06-12T03:52:54.479Z] EMAIL
To: prathap@gmail.com
Subject: Donation Receipt
Donation Receipt
Amount: ₹501
Category: Annadanam
Transaction ID: SIM_TXN_1781236374353
Thank you for your donation!

[2026-06-12T03:54:43.982Z] EMAIL
To: prathap@gmail.com
Subject: Pooja Booking Confirmation
Pooja Booking Confirmation
Service: pushpa pooje
Date & Time: 2026-06-12T21:25
Amount: ₹230
Thank you!

[2026-06-12T04:04:05.793Z] EMAIL
To: prathap@gmail.com
Subject: Donation Receipt
Donation Receipt
Amount: ₹50165
Category: Annadanam
Transaction ID: SIM_TXN_1781237045585
Thank you for your donation!

[2026-06-12T05:48:00.878Z] EMAIL
To: reena@gmail.com
Subject: Pooja Booking Confirmation
Pooja Booking Confirmation
Service: Maha Lakshmi Pooja
Date & Time: 2026-06-13T11:17
Amount: ₹2201
Thank you!

[2026-06-12T05:48:00.898Z] SMS
To: 9945650664
Message: Pooja booking confirmed! Service: Maha Lakshmi Pooja on 2026-06-13T11:17. Amount: ₹2201. -Temple

[2026-06-12T05:48:51.016Z] EMAIL
To: reena@gmail.com
Subject: Donation Receipt
Donation Receipt
Amount: ₹10000
Category: Goshala
Transaction ID: SIM_TXN_1781243330834
Thank you for your donation!

[2026-06-12T05:50:05.556Z] EMAIL
To: reena@gmail.com
Subject: Prasadam Order Confirmation
Prasadam Order Confirmed
Item: Laddu Prasadam
Quantity: 4
Amount: ₹604
Thank you!

[2026-06-12T05:51:16.238Z] EMAIL
To: reena@gmail.com
Subject: Donation Receipt
Donation Receipt
Amount: ₹501
Category: Temple Fund
Transaction ID: SIM_TXN_1781243476017
Thank you for your donation!

[2026-06-12T04:00:41.598Z] EMAIL
To: mayur@gmail.com
Subject: Pooja Booking Confirmation
Pooja Booking Confirmation
Service: Satyanarayana Puja
Date & Time: 2026-06-19T09:30
Amount: ₹1201
Thank you!

[2026-06-12T04:00:41.602Z] SMS
To: 6362210340
Message: Pooja booking confirmed! Service: Satyanarayana Puja on 2026-06-19T09:30. Amount: ₹1201. -Temple

[2026-06-15T11:36:01.608Z] EMAIL
To: sonu@gmail.com
Subject: Donation Receipt
Donation Receipt
Amount: ₹501
Category: Annadanam
Transaction ID: SIM_TXN_1781523361277
Thank you for your donation!

[2026-06-16T14:20:30.674Z] EMAIL
To: rakshi@gmail.com
Subject: Pooja Booking Confirmation
Pooja Booking Confirmation
Service: Abhisheka
Date & Time: 2026-06-26T10:00
Amount: ₹860
Thank you!

[2026-06-16T14:20:30.677Z] SMS
To: 6362210340
Message: Pooja booking confirmed! Service: Abhisheka on 2026-06-26T10:00. Amount: ₹860. -Temple

[2026-06-16T14:21:07.150Z] EMAIL
To: rakshi@gmail.com
Subject: Donation Receipt
Donation Receipt
Amount: ₹20000
Category: Festival Donation
Transaction ID: SIM_TXN_1781619666942
Thank you for your donation!

[2026-06-16T14:21:27.331Z] EMAIL
To: rakshi@gmail.com
Subject: Prasadam Order Confirmation
Prasadam Order Confirmed
Item: Laddu Prasadam
Quantity: 3
Amount: ₹453
Thank you!

[2026-06-16T14:21:38.567Z] EMAIL
To: rakshi@gmail.com
Subject: Prasadam Order Confirmation
Prasadam Order Confirmed
Item: Panchamrit Prasadam
Quantity: 1
Amount: ₹101
Thank you!

[2026-06-16T14:22:32.849Z] EMAIL
To: rakshi@gmail.com
Subject: Donation Receipt
Donation Receipt
Amount: ₹501
Category: Annadanam
Transaction ID: SIM_TXN_1781619752494
Thank you for your donation!

[2026-06-16T14:38:20.069Z] EMAIL
To: anusha@gmail.com
Subject: Pooja Booking Confirmation
Pooja Booking Confirmation
Service: Abhisheka
Date & Time: 2026-06-25T11:15
Amount: ₹860
Thank you!

[2026-06-16T14:38:20.071Z] SMS
To: 6362210340
Message: Pooja booking confirmed! Service: Abhisheka on 2026-06-25T11:15. Amount: ₹860. -Temple

[2026-06-16T14:38:38.366Z] EMAIL
To: anusha@gmail.com
Subject: Donation Receipt
Donation Receipt
Amount: ₹501
Category: Festival Donation
Transaction ID: N/A
Thank you for your donation!

[2026-06-16T14:38:38.369Z] SMS
To: 6362210340
Message: Donation received! Amount: ₹501. Transaction ID: N/A. Thank you! -Temple

[2026-06-16T14:39:01.222Z] EMAIL
To: anusha@gmail.com
Subject: Prasadam Order Confirmation
Prasadam Order Confirmed
Item: Panchamrit Prasadam
Quantity: 2
Amount: ₹202
Thank you!

[2026-06-16T14:39:15.882Z] EMAIL
To: anusha@gmail.com
Subject: Prasadam Order Confirmation
Prasadam Order Confirmed
Item: Laddu Prasadam
Quantity: 4
Amount: ₹604
Thank you!

[2026-06-16T14:39:55.329Z] EMAIL
To: anusha@gmail.com
Subject: Donation Receipt
Donation Receipt
Amount: ₹1000
Category: General
Transaction ID: SIM_TXN_1781620794894
Thank you for your donation!

[2026-06-17T16:53:33.610Z] EMAIL
To: rakshi@gmail.com
Subject: Pooja Booking Confirmation
Pooja Booking Confirmation
Service: Archana
Date & Time: 2026-06-17T22:45
Amount: ₹501
Thank you!

[2026-06-17T16:53:33.626Z] SMS
To: 6362210340
Message: Pooja booking confirmed! Service: Archana on 2026-06-17T22:45. Amount: ₹501. -Temple

[2026-06-17T17:01:28.893Z] EMAIL
To: rakshi@gmail.com
Subject: Pooja Booking Confirmation
Pooja Booking Confirmation
Service: Archana
Date & Time: 2026-06-18T06:30
Amount: ₹501
Thank you!

[2026-06-17T17:01:28.902Z] SMS
To: 6362210340
Message: Pooja booking confirmed! Service: Archana on 2026-06-18T06:30. Amount: ₹501. -Temple

[2026-06-23T09:48:02.954Z] EMAIL
To: Soumya@mail.com
Subject: Pooja Booking Confirmation
Pooja Booking Confirmation
Service: Satyanarayana Puja
Date & Time: 2026-06-23T15:32
Amount: ₹1201
Thank you!

[2026-06-23T09:48:02.959Z] SMS
To: 9740265462
Message: Pooja booking confirmed! Service: Satyanarayana Puja on 2026-06-23T15:32. Amount: ₹1201. -Temple

[2026-06-24T11:14:09.713Z] EMAIL
To: maahe@gmail.com
Subject: Donation Receipt
Donation Receipt
Amount: ₹501
Category: Annadanam
Transaction ID: SIM_TXN_1782299649243
Thank you for your donation!

[2026-06-24T11:14:09.728Z] SMS
To: 9740265462
Message: Donation received! Amount: ₹501. Transaction ID: SIM_TXN_1782299649243. Thank you! -Temple

[2026-06-25T04:20:35.140Z] EMAIL
To: maahe@gmail.com
Subject: Donation Receipt
Donation Receipt
Amount: ₹501
Category: Annadanam
Transaction ID: SIM_TXN_1782361234642
Thank you for your donation!

[2026-06-25T04:20:35.150Z] SMS
To: 9740265462
Message: Donation received! Amount: ₹501. Transaction ID: SIM_TXN_1782361234642. Thank you! -Temple

